[2025-05-23 02:17:02] [INFO] 클라이언트 연결됨: 127.0.0.1:40170
[2025-05-23 02:17:12] [INFO] 클라이언트 종료됨 (fd: 12)
[2025-05-23 02:17:12] [INFO] authorized_userid 초기화됨 (unconnected)
[2025-05-23 02:17:43] [INFO] 클라이언트 연결됨: 127.0.0.1:46240
[2025-05-23 02:17:55] [INFO] AUTHORIZED:user1:c:1:0:0
[2025-05-23 02:17:55] [INFO] SEVER>CLIENT:DAY
[2025-05-23 02:18:02] [INFO] LED:WEAK
[2025-05-23 02:18:02] [INFO] BUZZER OFF
[2025-05-23 02:18:02] [INFO] TIMER:0
[2025-05-23 02:18:15] [INFO] AUTHORIZED:user1:c:2:0:0
[2025-05-23 02:18:15] [INFO] SEVER>CLIENT:DAY
[2025-05-23 02:18:22] [INFO] LED:NORMAL
[2025-05-23 02:18:30] [INFO] AUTHORIZED:user1:c:3:0:0
[2025-05-23 02:18:30] [INFO] SEVER>CLIENT:NIGHT
[2025-05-23 02:18:32] [INFO] LED:STRONG
[2025-05-23 02:18:51] [INFO] AUTHORIZED:user1:c:0:1:0
[2025-05-23 02:18:51] [INFO] SEVER>CLIENT:NIGHT
[2025-05-23 02:18:52] [INFO] BUZZER ON
[2025-05-23 02:18:52] [INFO] LED TOGGLE
[2025-05-23 02:19:01] [INFO] AUTHORIZED:user1:c:3:0:9
[2025-05-23 02:19:01] [INFO] SEVER>CLIENT:NIGHT
[2025-05-23 02:19:02] [INFO] LED:STRONG
[2025-05-23 02:19:02] [INFO] TIMER:9
[2025-05-23 02:19:02] [INFO] BUZZER OFF
[2025-05-23 02:19:17] [INFO] AUTHORIZED:user1:c:x:x:-1
[2025-05-23 02:19:17] [INFO] SEVER>CLIENT:DAY
[2025-05-23 02:19:17] [INFO] AUTHORIZED:user1:c:x:x:x
[2025-05-23 02:19:17] [INFO] SEVER>CLIENT:DAY
[2025-05-23 02:19:17] [INFO] TIMER:-3
[2025-05-23 02:19:23] [INFO] 클라이언트 연결됨: 127.0.0.1:42136
[2025-05-23 02:19:28] [INFO] other REJECTED(AUTHORIZED : user1)
[2025-05-23 02:19:32] [INFO] 클라이언트 종료됨 (fd: 12)
[2025-05-23 02:19:32] [INFO] authorized_userid 초기화됨 (unconnected)
[2025-05-23 02:19:40] [INFO] AUTHORIZED:other:c:3:0:5
[2025-05-23 02:19:40] [INFO] SEVER>CLIENT:DAY
[2025-05-23 02:19:42] [INFO] LED:STRONG
[2025-05-23 02:19:42] [INFO] BUZZER OFF
[2025-05-23 02:19:42] [INFO] TIMER:5
[2025-05-23 02:19:47] [INFO] 클라이언트 종료됨 (fd: 13)
[2025-05-23 02:19:47] [INFO] authorized_userid 초기화됨 (unconnected)
